<?xml version="1.0" encoding="UTF-8"?>
<!-- Generated by org.testng.reporters.JUnitReportReporter -->
<testsuite skipped="0" hostname="Juns-MacBook-Pro-2.local" name="vPro.LoginValidationTest" tests="1" failures="0" timestamp="2022-07-04T21:16:48 EDT" time="5.954" errors="0">
  <testcase name="loginValidation" time="5.954" classname="vPro.LoginValidationTest"/>
  <system-out/>
</testsuite> <!-- vPro.LoginValidationTest -->
