<?xml version="1.0" encoding="UTF-8"?>
<!-- Generated by org.testng.reporters.JUnitReportReporter -->
<testsuite skipped="0" hostname="Juns-MacBook-Pro-2.local" name="vPro.GhostingTest" tests="1" failures="0" timestamp="2022-04-22T15:05:11 EDT" time="23.856" errors="0">
  <testcase name="ghosting" time="23.856" classname="vPro.GhostingTest"/>
  <system-out/>
</testsuite> <!-- vPro.GhostingTest -->
