<?xml version="1.0" encoding="UTF-8"?>
<!-- Generated by org.testng.reporters.JUnitReportReporter -->
<testsuite skipped="0" hostname="Juns-MacBook-Pro-2.local" name="vPro.SmokeTest" tests="2" failures="0" timestamp="2022-04-21T16:12:20 EDT" time="65.637" errors="0">
  <testcase name="login" time="10.728" classname="vPro.SmokeTest"/>
  <system-out/>
  <testcase name="newRequest" time="54.909" classname="vPro.SmokeTest"/>
  <system-out/>
</testsuite> <!-- vPro.SmokeTest -->
