<?xml version="1.0" encoding="UTF-8"?>
<!-- Generated by org.testng.reporters.JUnitReportReporter -->
<testsuite skipped="0" hostname="Juns-MacBook-Pro-2.local" name="vPro.LoginValidationTest" tests="1" failures="0" timestamp="2022-04-22T15:05:11 EDT" time="4.715" errors="0">
  <testcase name="loginValidation" time="4.715" classname="vPro.LoginValidationTest"/>
  <system-out/>
</testsuite> <!-- vPro.LoginValidationTest -->
