<?xml version="1.0" encoding="UTF-8"?>
<!-- Generated by org.testng.reporters.JUnitReportReporter -->
<testsuite skipped="0" hostname="Juns-MacBook-Pro-2.local" name="vPro.GhostingTest" tests="1" failures="0" timestamp="2022-04-21T16:12:20 EDT" time="24.925" errors="0">
  <testcase name="ghosting" time="24.925" classname="vPro.GhostingTest"/>
  <system-out/>
</testsuite> <!-- vPro.GhostingTest -->
