<?xml version="1.0" encoding="UTF-8"?>
<!-- Generated by org.testng.reporters.JUnitReportReporter -->
<testsuite skipped="0" hostname="Juns-MacBook-Pro-2.local" name="vPro.SmokeTest" tests="2" failures="0" timestamp="2022-07-04T21:16:48 EDT" time="72.337" errors="0">
  <testcase name="newRequest" time="51.929" classname="vPro.SmokeTest"/>
  <system-out/>
  <testcase name="login" time="20.408" classname="vPro.SmokeTest"/>
  <system-out/>
</testsuite> <!-- vPro.SmokeTest -->
