<?xml version="1.0" encoding="UTF-8"?>
<!-- Generated by org.testng.reporters.JUnitReportReporter -->
<testsuite skipped="0" hostname="Juns-MacBook-Pro-2.local" name="vPro.SearchTest" tests="1" failures="0" timestamp="2022-07-04T21:16:48 EDT" time="17.041" errors="0">
  <testcase name="search" time="17.041" classname="vPro.SearchTest"/>
  <system-out/>
</testsuite> <!-- vPro.SearchTest -->
