<?xml version="1.0" encoding="UTF-8"?>
<!-- Generated by org.testng.reporters.JUnitReportReporter -->
<testsuite skipped="0" hostname="Juns-MacBook-Pro-2.local" name="vPro.CompactCalendarViewTest" tests="1" failures="0" timestamp="2022-07-04T21:21:35 EDT" time="36.421" errors="0">
  <testcase name="compactView" time="36.421" classname="vPro.CompactCalendarViewTest"/>
  <system-out/>
</testsuite> <!-- vPro.CompactCalendarViewTest -->
